Total unused space is 100.28MB
    help/connections/assets/connections-manager.png
    help/connections/assets/connection-preview.png
    help/connections/assets/connections-1.png
    help/connections/assets/shared-dataset.png
    help/connections/assets/daily_size.png
    help/connections/assets/create-connection3.png
    help/connections/assets/conn-datasets.png
    help/report-builder/assets/image26.png
    help/report-builder/assets/image2.png
    help/report-builder/assets/image24.png
    help/report-builder/assets/image7.png
    help/report-builder/assets/image14.png
    help/report-builder/assets/image24.tiff
    help/report-builder/assets/choose_date_data_view.png
    help/report-builder/assets/image9.png
    help/report-builder/assets/image3.png
    help/report-builder/assets/image15.png
    help/report-builder/assets/image9.tiff
    help/report-builder/assets/image8.png
    help/report-builder/assets/image22.png
    help/report-builder/assets/choose_date_data_view2.png
    help/report-builder/assets/image25.png
    help/getting-started/assets/schema.png
    help/getting-started/assets/cja-capabilities.png
    help/getting-started/assets/cja-multi-flow.png
    help/getting-started/assets/cja-aep-datasets.png
    help/getting-started/assets/feature-comparison.png
    help/analysis-workspace/journey-iq.md
    help/analysis-workspace/attribution/assets/Column_Settings.png
    help/analysis-workspace/attribution/assets/attribution_example.png
    help/analysis-workspace/attribution/assets/Calc_Metric_Settings.png
    help/analysis-workspace/attribution/assets/vrs-aiq-example.png
    help/analysis-workspace/virtual-analyst/c-anomaly-detection/assets/turnoff_anomalies.png
    help/analysis-workspace/build-workspace-project/starter-projects.md
    help/analysis-workspace/build-workspace-project/t-freeform-project.md
    help/analysis-workspace/build-workspace-project/undo-redo.md
    help/analysis-workspace/build-workspace-project/assets/new-project-menus.png
    help/analysis-workspace/build-workspace-project/assets/visualizations.png
    help/analysis-workspace/build-workspace-project/assets/save_project_template.png
    help/analysis-workspace/build-workspace-project/assets/dimensions.png
    help/analysis-workspace/build-workspace-project/assets/fa_project_new.png
    help/analysis-workspace/build-workspace-project/assets/fa_data_table_actions.png
    help/analysis-workspace/build-workspace-project/assets/analysis_workspace_menu.png
    help/analysis-workspace/build-workspace-project/assets/date-ranges.png
    help/analysis-workspace/build-workspace-project/assets/advanced-filter.png
    help/analysis-workspace/build-workspace-project/assets/total-row.png
    help/analysis-workspace/build-workspace-project/assets/incompat-rs.png
    help/analysis-workspace/build-workspace-project/assets/start_modal.png
    help/analysis-workspace/build-workspace-project/assets/apply-rs-all-panels.png
    help/analysis-workspace/build-workspace-project/assets/save_project.png
    help/analysis-workspace/build-workspace-project/assets/fa_full_panel.png
    help/analysis-workspace/build-workspace-project/assets/segments.png
    help/analysis-workspace/build-workspace-project/assets/metrics.png
    help/analysis-workspace/build-workspace-project/assets/components.png
    help/analysis-workspace/build-workspace-project/assets/custom_templates.png
    help/analysis-workspace/build-workspace-project/assets/column-settings-total.png
    help/analysis-workspace/build-workspace-project/assets/static-rows.png
    help/analysis-workspace/build-workspace-project/assets/mrs-ui.png
    help/analysis-workspace/build-workspace-project/assets/panels.png
    help/analysis-workspace/build-workspace-project/assets/analysis-app-search.png
    help/analysis-workspace/c-panels/assets/mc_dropdown.png
    help/analysis-workspace/c-panels/assets/concurrent-viewers-chart.png
    help/analysis-workspace/c-panels/assets/create_dropdown.png
    help/analysis-workspace/c-panels/assets/concurrent-viewers-output.png
    help/analysis-workspace/c-panels/assets/a4t-panel-builder2.png
    help/analysis-workspace/c-panels/assets/concurrent-viewers-default.png
    help/analysis-workspace/c-panels/assets/a4t-rendered.png
    help/analysis-workspace/c-panels/assets/dropdowns.png
    help/analysis-workspace/c-panels/assets/panel-report-suite.png
    help/analysis-workspace/c-panels/assets/concurrent-viewers-download-csv.png
    help/analysis-workspace/c-panels/assets/a4t-panel-builder.png
    help/analysis-workspace/c-panels/assets/dropdown.png
    help/analysis-workspace/c-panels/assets/concurrent-viewers-series-breakdown.png
    help/analysis-workspace/assets/add-new-segment.png
    help/analysis-workspace/assets/intra-linking2.png
    help/analysis-workspace/assets/fa_project_new.png
    help/analysis-workspace/assets/fa_data_table_actions.png
    help/analysis-workspace/assets/two-months-summary-project.png
    help/analysis-workspace/assets/trend-selection.png
    help/analysis-workspace/assets/anchor_Y_axis.png
    help/analysis-workspace/assets/undo.png
    help/analysis-workspace/assets/drag_dimension.png
    help/analysis-workspace/assets/trend-selection2.png
    help/analysis-workspace/assets/legend-visible.png
    help/analysis-workspace/assets/tip_of_day.png
    help/analysis-workspace/assets/visualizations-multiple02.png
    help/analysis-workspace/assets/segment-save-as.png
    help/analysis-workspace/assets/fallout2.png
    help/analysis-workspace/assets/behavior.png
    help/analysis-workspace/assets/anchor_Y_axis_off.png
    help/analysis-workspace/assets/segment-panel.png
    help/analysis-workspace/assets/breakdown_intsearchterm.png
    help/analysis-workspace/assets/intra-linking1.png
    help/analysis-workspace/assets/step5_icon.png
    help/analysis-workspace/assets/intel-alerts.png
    help/analysis-workspace/assets/treemap.png
    help/analysis-workspace/assets/data-table.png
    help/analysis-workspace/assets/heatmap.png
    help/analysis-workspace/assets/manage-data-source.png
    help/analysis-workspace/assets/breakdown_result.png
    help/analysis-workspace/assets/scatter.png
    help/analysis-workspace/assets/dimension-preview.png
    help/analysis-workspace/assets/venn_hover.png
    help/analysis-workspace/assets/step6_icon.png
    help/analysis-workspace/assets/venn.png
    help/analysis-workspace/assets/conditional-formatting.png
    help/analysis-workspace/assets/step3_icon.png
    help/analysis-workspace/assets/step2_icon.png
    help/analysis-workspace/assets/visualizations-multiple.png
    help/analysis-workspace/assets/drag_metrics.png
    help/analysis-workspace/assets/bullet-image.png
    help/analysis-workspace/assets/step7_icon.png
    help/analysis-workspace/assets/visualize-selected-cells.png
    help/analysis-workspace/assets/anomaly_linechart.png
    help/analysis-workspace/assets/starter.png
    help/analysis-workspace/assets/step4_icon.png
    help/analysis-workspace/assets/histogram3.png
    help/analysis-workspace/assets/value-bucketing.png
    help/analysis-workspace/assets/flow.png
    help/analysis-workspace/assets/drag_segments.png
    help/analysis-workspace/assets/breakdown_prodname.png
    help/analysis-workspace/assets/step1_icon.png
    help/analysis-workspace/assets/segment_inline.png
    help/analysis-workspace/assets/information_icon.png
    help/analysis-workspace/assets/link-to-this-project.png
    help/analysis-workspace/curate-share/schedule-projects.md
    help/analysis-workspace/curate-share/assets/scheduled-projects.png
    help/analysis-workspace/curate-share/assets/curated-components.png
    help/analysis-workspace/curate-share/assets/send-file-pop-up.png
    help/analysis-workspace/curate-share/assets/scheduled-project-manager.png
    help/analysis-workspace/curate-share/assets/send-file.png
    help/analysis-workspace/curate-share/assets/share_component.png
    help/analysis-workspace/curate-share/assets/send-on-schedule.png
    help/analysis-workspace/curate-share/assets/send-file-now.png
    help/analysis-workspace/curate-share/assets/components-scheduled-projects.png
    help/analysis-workspace/visualizations/map-visualization.md
    help/analysis-workspace/visualizations/cohort-table/assets/cohort_new.png
    help/analysis-workspace/visualizations/cohort-table/assets/blank-panel.png
    help/analysis-workspace/visualizations/cohort-table/assets/cohort_custom.png
    help/analysis-workspace/visualizations/cohort-table/assets/cohort_custom_run.png
    help/analysis-workspace/visualizations/cohort-table/assets/cohort-segment-select.png
    help/analysis-workspace/visualizations/cohort-table/assets/cohort_orders_visits.png
    help/analysis-workspace/visualizations/assets/visualizations.png
    help/analysis-workspace/visualizations/assets/bubble-world-view.png
    help/analysis-workspace/visualizations/assets/map-wrench.png
    help/analysis-workspace/visualizations/assets/rich-text1.png
    help/analysis-workspace/visualizations/assets/line.png
    help/analysis-workspace/visualizations/assets/viz-granularity.png
    help/analysis-workspace/visualizations/assets/visualization_settings.png
    help/analysis-workspace/visualizations/assets/data-table.png
    help/analysis-workspace/visualizations/assets/map-viz1.png
    help/analysis-workspace/visualizations/assets/rich-text2.png
    help/analysis-workspace/visualizations/assets/summary-number.png
    help/analysis-workspace/visualizations/assets/create-visual.png
    help/analysis-workspace/visualizations/assets/location-dimensions.png
    help/analysis-workspace/visualizations/assets/right-click_menu.png
    help/analysis-workspace/visualizations/freeform-table/column-row-settings/assets/static_rows.png
    help/analysis-workspace/visualizations/freeform-table/column-row-settings/assets/add-time-period-column3.png
    help/analysis-workspace/visualizations/freeform-table/column-row-settings/assets/column-totals.png
    help/analysis-workspace/visualizations/fallout/assets/fallout_seg.png
    help/analysis-workspace/visualizations/fallout/assets/fallout_segments3.png
    help/analysis-workspace/visualizations/fallout/assets/fallout_segments1.png
    help/analysis-workspace/visualizations/fallout/assets/Thumbs.db
    help/use-cases/assets/gtm.mp4
    help/use-cases/assets/import_ga_data.mp4
    help/use-cases/assets/1 big_query_unnest.mp4
    help/use-cases/assets/2 schema_create.mp4
    help/use-cases/assets/trigger.png
    help/use-cases/assets/ga-bigquery.png
    help/use-cases/assets/create_cja_connection.mp4
    help/mobile-app/assets/feedback_option.png
    help/mobile-app/assets/new_mobile_scorecard.png
    help/mobile-app/assets/new_template_cja.png
    help/mobile-app/assets/add_project.png
    help/mobile-app/assets/feedback.png
    help/data-views/assets/same_touch.png
    help/data-views/assets/add-all-components2.png
    help/data-views/assets/u_shaped.png
    help/data-views/assets/last_touch1.png
    help/data-views/assets/j_shaped.png
    help/data-views/assets/case-sensitivity.png
    help/data-views/assets/add-all-components.png
    help/data-views/assets/inverse_j.png
    help/data-views/assets/linear.png
    help/data-views/assets/time_decay.png
    help/data-views/assets/data-view-settings.png
    help/data-views/assets/component-drag.png
    help/data-views/assets/edit-component.png
    help/data-views/assets/currency.png
    help/data-views/assets/components-tab-2.png
    help/data-views/assets/vrs-aiq-example.png
    help/data-views/assets/custom.png
    help/data-views/assets/participation.png
    help/data-views/assets/first_touch.png
    help/components/filters/assets/project-only-old.png
    help/components/filters/assets/create-seg.png
    help/components/projects/create.md
    help/components/projects/manage.md
    help/components/calc-metrics/cm-workflow/assets/divided_icon.png
    help/components/calc-metrics/cm-workflow/assets/cm_container_intl.png
    help/components/calc-metrics/cm-workflow/assets/custom-attr-model.png
    help/components/calc-metrics/cm-workflow/assets/met_icon.png
    help/components/calc-metrics/cm-workflow/assets/cm_diff_percent.png
    help/components/calc-metrics/cm-workflow/assets/i_icon.png
    help/components/calc-metrics/cm-workflow/assets/info.png
    help/components/calc-metrics/cm-workflow/assets/pages-report.png
    help/components/calc-metrics/cm-workflow/assets/step5_icon.png
    help/components/calc-metrics/cm-workflow/assets/mktg-channel-assists.png
    help/components/calc-metrics/cm-workflow/assets/cm_template_icon.png
    help/components/calc-metrics/cm-workflow/assets/step6_icon.png
    help/components/calc-metrics/cm-workflow/assets/step8_icon.png
    help/components/calc-metrics/cm-workflow/assets/step3_icon.png
    help/components/calc-metrics/cm-workflow/assets/step2_icon.png
    help/components/calc-metrics/cm-workflow/assets/attr-model.png
    help/components/calc-metrics/cm-workflow/assets/cm_container_us.png
    help/components/calc-metrics/cm-workflow/assets/calc_met_icon.png
    help/components/calc-metrics/cm-workflow/assets/step7_icon.png
    help/components/calc-metrics/cm-workflow/assets/step4_icon.png
    help/components/calc-metrics/cm-workflow/assets/step1_icon.png
    help/components/calc-metrics/cm-workflow/assets/info2.png
    help/components/calc-metrics/cm-workflow/assets/cm_add_container.png
    help/components/assets/blank-project.png
    help/components/assets/project-ui.png
    help/components/assets/segment_icons.png
    help/components/assets/add.png
